#
# There is insufficient memory for the Java Runtime Environment to continue.
# Native memory allocation (mmap) failed to map 134217728 bytes for G1 virtual space
# Possible reasons:
#   The system is out of physical RAM or swap space
#   The process is running with CompressedOops enabled, and the Java Heap may be blocking the growth of the native heap
# Possible solutions:
#   Reduce memory load on the system
#   Increase physical memory or swap space
#   Check if swap backing store is full
#   Decrease Java heap size (-Xmx/-Xms)
#   Decrease number of Java threads
#   Decrease Java thread stack sizes (-Xss)
#   Set larger code cache with -XX:ReservedCodeCacheSize=
#   JVM is running with Unscaled Compressed Oops mode in which the Java heap is
#     placed in the first 4GB address space. The Java Heap base address is the
#     maximum limit for the native heap growth. Please use -XX:HeapBaseMinAddress
#     to set the Java Heap base and to place the Java Heap above 4GB virtual address.
# This output file may be truncated or incomplete.
#
#  Out of Memory Error (os_windows.cpp:3769), pid=14628, tid=17860
#
# JRE version:  (17.0.6) (build )
# Java VM: OpenJDK 64-Bit Server VM (17.0.6+0-b2043.56-10027231, mixed mode, sharing, tiered, compressed oops, compressed class ptrs, g1 gc, windows-amd64)
# No core dump will be written. Minidumps are not enabled by default on client versions of Windows
#

---------------  S U M M A R Y ------------

Command Line: org.jetbrains.kotlin.cli.jvm.K2JVMCompiler @C:\Users\Tith Sure\Desktop\Travel-App\app\build\20231210_7413314636438038669.compiler.options

Host: Intel(R) Core(TM) i5-4310U CPU @ 2.00GHz, 4 cores, 7G,  Windows 10 , 64 bit Build 19041 (10.0.19041.3636)
Time: Sun Dec 10 14:17:11 2023 SE Asia Standard Time elapsed time: 0.024561 seconds (0d 0h 0m 0s)

---------------  T H R E A D  ---------------

Current thread (0x00000266d935afd0):  JavaThread "Unknown thread" [_thread_in_vm, id=17860, stack(0x00000073c8a00000,0x00000073c8b00000)]

Stack: [0x00000073c8a00000,0x00000073c8b00000]
Native frames: (J=compiled Java code, j=interpreted, Vv=VM code, C=native code)
V  [jvm.dll+0x683c9a]
V  [jvm.dll+0x8427a4]
V  [jvm.dll+0x843f9e]
V  [jvm.dll+0x844603]
V  [jvm.dll+0x249b75]
V  [jvm.dll+0x680b69]
V  [jvm.dll+0x67505a]
V  [jvm.dll+0x309acb]
V  [jvm.dll+0x310f86]
V  [jvm.dll+0x3608ee]
V  [jvm.dll+0x360b1f]
V  [jvm.dll+0x2dfbf8]
V  [jvm.dll+0x2e0b64]
V  [jvm.dll+0x814091]
V  [jvm.dll+0x36e6a1]
V  [jvm.dll+0x7f35cc]
V  [jvm.dll+0x3f0e8f]
V  [jvm.dll+0x3f29d1]
C  [jli.dll+0x526b]
C  [ucrtbase.dll+0x21bb2]
C  [KERNEL32.DLL+0x17344]
C  [ntdll.dll+0x526b1]


---------------  P R O C E S S  ---------------

Threads class SMR info:
_java_thread_list=0x00007ff853cfc058, length=0, elements={
}

Java Threads: ( => current thread )

Other Threads:
  0x00000266d93b67e0 GCTaskThread "GC Thread#0" [stack: 0x00000073c8b00000,0x00000073c8c00000] [id=8272]
  0x00000266d93c7b40 ConcurrentGCThread "G1 Main Marker" [stack: 0x00000073c8c00000,0x00000073c8d00000] [id=12324]
  0x00000266d93c8550 ConcurrentGCThread "G1 Conc#0" [stack: 0x00000073c8d00000,0x00000073c8e00000] [id=11916]

[error occurred during error reporting (printing all threads), id 0xc0000005, EXCEPTION_ACCESS_VIOLATION (0xc0000005) at pc=0x00007ff8534b0797]

VM state: not at safepoint (not fully initialized)

VM Mutex/Monitor currently owned by a thread:  ([mutex/lock_event])
[0x00000266d9356960] Heap_lock - owner thread: 0x00000266d935afd0

Heap address: 0x0000000081c00000, size: 2020 MB, Compressed Oops mode: 32-bit

CDS archive(s) mapped at: [0x0000000000000000-0x0000000000000000-0x0000000000000000), size 0, SharedBaseAddress: 0x0000000800000000, ArchiveRelocationMode: 0.
Narrow klass base: 0x0000000000000000, Narrow klass shift: 0, Narrow klass range: 0x0

GC Precious Log:
<Empty>

Heap:
 garbage-first heap   total 0K, used 0K [0x0000000081c00000, 0x0000000100000000)
  region size 1024K, 0 young (0K), 0 survivors (0K)

[error occurred during error reporting (printing heap information), id 0xc0000005, EXCEPTION_ACCESS_VIOLATION (0xc0000005) at pc=0x00007ff85389da89]

GC Heap History (0 events):
No events

Dll operation events (1 events):
Event: 0.015 Loaded shared library C:\Program Files\Android\Android Studio\jbr\bin\java.dll

Deoptimization events (0 events):
No events

Classes unloaded (0 events):
No events

Classes redefined (0 events):
No events

Internal exceptions (0 events):
No events

VM Operations (0 events):
No events

Events (0 events):
No events


Dynamic libraries:
0x00007ff70a210000 - 0x00007ff70a21a000 	C:\Program Files\Android\Android Studio\jbr\bin\java.exe
0x00007ff8b70d0000 - 0x00007ff8b72c8000 	C:\Windows\SYSTEM32\ntdll.dll
0x00007ff8b6680000 - 0x00007ff8b673d000 	C:\Windows\System32\KERNEL32.DLL
0x00007ff8b48b0000 - 0x00007ff8b4ba6000 	C:\Windows\System32\KERNELBASE.dll
0x00007ff8b47b0000 - 0x00007ff8b48b0000 	C:\Windows\System32\ucrtbase.dll
0x00007ff8a6980000 - 0x00007ff8a6997000 	C:\Program Files\Android\Android Studio\jbr\bin\jli.dll
0x00007ff8ae7b0000 - 0x00007ff8ae7cb000 	C:\Program Files\Android\Android Studio\jbr\bin\VCRUNTIME140.dll
0x00007ff8b6910000 - 0x00007ff8b6aae000 	C:\Windows\System32\USER32.dll
0x00007ff8b4bb0000 - 0x00007ff8b4bd2000 	C:\Windows\System32\win32u.dll
0x00007ff8b7060000 - 0x00007ff8b708c000 	C:\Windows\System32\GDI32.dll
0x00007ff8b4be0000 - 0x00007ff8b4cfa000 	C:\Windows\System32\gdi32full.dll
0x00007ff8a9810000 - 0x00007ff8a9aaa000 	C:\Windows\WinSxS\amd64_microsoft.windows.common-controls_6595b64144ccf1df_6.0.19041.3636_none_60b6a03d71f818d5\COMCTL32.dll
0x00007ff8b5060000 - 0x00007ff8b50fd000 	C:\Windows\System32\msvcp_win.dll
0x00007ff8b6870000 - 0x00007ff8b690e000 	C:\Windows\System32\msvcrt.dll
0x00007ff8b6ab0000 - 0x00007ff8b6ae0000 	C:\Windows\System32\IMM32.DLL
0x00007ff8aef60000 - 0x00007ff8aef6c000 	C:\Program Files\Android\Android Studio\jbr\bin\vcruntime140_1.dll
0x00007ff8a77f0000 - 0x00007ff8a787d000 	C:\Program Files\Android\Android Studio\jbr\bin\msvcp140.dll
0x00007ff8531c0000 - 0x00007ff853e2e000 	C:\Program Files\Android\Android Studio\jbr\bin\server\jvm.dll
0x00007ff8b51c0000 - 0x00007ff8b526f000 	C:\Windows\System32\ADVAPI32.dll
0x00007ff8b5350000 - 0x00007ff8b53ec000 	C:\Windows\System32\sechost.dll
0x00007ff8b6740000 - 0x00007ff8b6866000 	C:\Windows\System32\RPCRT4.dll
0x00007ff8aba90000 - 0x00007ff8aba99000 	C:\Windows\SYSTEM32\WSOCK32.dll
0x00007ff8a8300000 - 0x00007ff8a8327000 	C:\Windows\SYSTEM32\WINMM.dll
0x00007ff8b58e0000 - 0x00007ff8b594b000 	C:\Windows\System32\WS2_32.dll
0x00007ff8a9bb0000 - 0x00007ff8a9bba000 	C:\Windows\SYSTEM32\VERSION.dll
0x00007ff8b2670000 - 0x00007ff8b2682000 	C:\Windows\SYSTEM32\kernel.appcore.dll
0x00007ff8af580000 - 0x00007ff8af58a000 	C:\Program Files\Android\Android Studio\jbr\bin\jimage.dll
0x00007ff8aed50000 - 0x00007ff8aef34000 	C:\Windows\SYSTEM32\DBGHELP.DLL
0x00007ff8aed10000 - 0x00007ff8aed44000 	C:\Windows\SYSTEM32\dbgcore.DLL
0x00007ff8b4f60000 - 0x00007ff8b4fe2000 	C:\Windows\System32\bcryptPrimitives.dll
0x00007ff8a6a10000 - 0x00007ff8a6a35000 	C:\Program Files\Android\Android Studio\jbr\bin\java.dll

dbghelp: loaded successfully - version: 4.0.5 - missing functions: none
symbol engine: initialized successfully - sym options: 0x614 - pdb path: .;C:\Program Files\Android\Android Studio\jbr\bin;C:\Windows\SYSTEM32;C:\Windows\WinSxS\amd64_microsoft.windows.common-controls_6595b64144ccf1df_6.0.19041.3636_none_60b6a03d71f818d5;C:\Program Files\Android\Android Studio\jbr\bin\server

VM Arguments:
java_command: org.jetbrains.kotlin.cli.jvm.K2JVMCompiler @C:\Users\Tith Sure\Desktop\Travel-App\app\build\20231210_7413314636438038669.compiler.options
java_class_path (initial): C:\Users\Tith Sure\.gradle\caches\modules-2\files-2.1\org.jetbrains.kotlin\kotlin-compiler-embeddable\1.9.0\2c8c3a7402becca891f12739b3e9fd2dc2adbd7a\kotlin-compiler-embeddable-1.9.0.jar;C:\Users\Tith Sure\.gradle\caches\modules-2\files-2.1\org.jetbrains.kotlin\kotlin-stdlib\1.9.0\8ee15ef0c67dc83d874f412d84378d7f0eb50b63\kotlin-stdlib-1.9.0.jar;C:\Users\Tith Sure\.gradle\caches\modules-2\files-2.1\org.jetbrains.kotlin\kotlin-script-runtime\1.9.0\4b3102cbbb7e1b58d9d1adf89563f00069ffa7d1\kotlin-script-runtime-1.9.0.jar;C:\Users\Tith Sure\.gradle\caches\modules-2\files-2.1\org.jetbrains.kotlin\kotlin-reflect\1.6.10\1cbe9c92c12a94eea200d23c2bbaedaf3daf5132\kotlin-reflect-1.6.10.jar;C:\Users\Tith Sure\.gradle\caches\modules-2\files-2.1\org.jetbrains.kotlin\kotlin-daemon-embeddable\1.9.0\186543f5e28cf8d9a0290fecc2cf34301c40a65c\kotlin-daemon-embeddable-1.9.0.jar;C:\Users\Tith Sure\.gradle\caches\modules-2\files-2.1\org.jetbrains.intellij.deps\trove4j\1.0.20200330\3afb14d5f9ceb459d724e907a21145e8ff394f02\trove4j-1.0.20200330.jar;C:\Users\Tith Sure\.gradle\caches\modules-2\files-2.1\org.jetbrains.kotlin\kotlin-stdlib-common\1.9.0\cd65c21cfd1eec4d44ef09f9f52b6d9f8a720636\kotlin-stdlib-common-1.9.0.jar;C:\Users\Tith Sure\.gradle\caches\modules-2\files-2.1\org.jetbrains\annotations\13.0\919f0dfe192fb4e063e7dacadee7f8bb9a2672a9\annotations-13.0.jar
Launcher Type: SUN_STANDARD

[Global flags]
     intx CICompilerCount                          = 3                                         {product} {ergonomic}
     uint ConcGCThreads                            = 1                                         {product} {ergonomic}
     uint G1ConcRefinementThreads                  = 4                                         {product} {ergonomic}
   size_t G1HeapRegionSize                         = 1048576                                   {product} {ergonomic}
    uintx GCDrainStackTargetSize                   = 64                                        {product} {ergonomic}
   size_t InitialHeapSize                          = 134217728                                 {product} {ergonomic}
   size_t MarkStackSize                            = 4194304                                   {product} {ergonomic}
   size_t MaxHeapSize                              = 2118123520                                {product} {ergonomic}
   size_t MinHeapDeltaBytes                        = 1048576                                   {product} {ergonomic}
   size_t MinHeapSize                              = 8388608                                   {product} {ergonomic}
    uintx NonNMethodCodeHeapSize                   = 5832780                                {pd product} {ergonomic}
    uintx NonProfiledCodeHeapSize                  = 122912730                              {pd product} {ergonomic}
    uintx ProfiledCodeHeapSize                     = 122912730                              {pd product} {ergonomic}
    uintx ReservedCodeCacheSize                    = 251658240                              {pd product} {ergonomic}
     bool SegmentedCodeCache                       = true                                      {product} {ergonomic}
   size_t SoftMaxHeapSize                          = 2118123520                             {manageable} {ergonomic}
     bool UseCompressedClassPointers               = true                           {product lp64_product} {ergonomic}
     bool UseCompressedOops                        = true                           {product lp64_product} {ergonomic}
     bool UseG1GC                                  = true                                      {product} {ergonomic}
     bool UseLargePagesIndividualAllocation        = false                                  {pd product} {ergonomic}

Logging:
Log output configuration:
 #0: stdout all=warning uptime,level,tags
 #1: stderr all=off uptime,level,tags

Environment Variables:
PATH=C:\Windows\system32;C:\Windows;C:\Windows\System32\Wbem;C:\Windows\System32\WindowsPowerShell\v1.0\;C:\Windows\System32\OpenSSH\;C:\Program Files\Git\cmd;C:\Users\Tith Sure\AppData\Local\Programs\Python\Python312\Scripts\;C:\Users\Tith Sure\AppData\Local\Programs\Python\Python312\;C:\Users\Tith Sure\AppData\Local\Microsoft\WindowsApps;C:\Users\Tith Sure\AppData\Local\JetBrains\Toolbox\scripts;
USERNAME=Tith Sure
OS=Windows_NT
PROCESSOR_IDENTIFIER=Intel64 Family 6 Model 69 Stepping 1, GenuineIntel
TMP=C:\Users\TITHSU~1\AppData\Local\Temp
TEMP=C:\Users\TITHSU~1\AppData\Local\Temp


JNI global refs:

[error occurred during error reporting (JNI global references), id 0xc0000005, EXCEPTION_ACCESS_VIOLATION (0xc0000005) at pc=0x00007ff853277a10]


---------------  S Y S T E M  ---------------

OS:
 Windows 10 , 64 bit Build 19041 (10.0.19041.3636)
OS uptime: 23 days 3:21 hours

CPU: total 4 (initial active 4) (2 cores per cpu, 2 threads per core) family 6 model 69 stepping 1 microcode 0x25, cx8, cmov, fxsr, ht, mmx, sse, sse2, sse3, ssse3, sse4.1, sse4.2, popcnt, lzcnt, tsc, tscinvbit, avx, avx2, aes, erms, clmul, bmi1, bmi2, fma, vzeroupper, clflush

Memory: 4k page, system-wide physical 8073M (345M free)
TotalPageFile size 18488M (AvailPageFile size 82M)
current process WorkingSet (physical memory assigned to process): 10M, peak: 10M
current process commit charge ("private bytes"): 51M, peak: 179M

vm_info: OpenJDK 64-Bit Server VM (17.0.6+0-b2043.56-10027231) for windows-amd64 JRE (17.0.6+0-b2043.56-10027231), built on Apr 28 2023 00:43:19 by "androidbuild" with MS VC++ 16.10 / 16.11 (VS2019)

END.
