#
# There is insufficient memory for the Java Runtime Environment to continue.
# Native memory allocation (mmap) failed to map 134217728 bytes for G1 virtual space
# Possible reasons:
#   The system is out of physical RAM or swap space
#   The process is running with CompressedOops enabled, and the Java Heap may be blocking the growth of the native heap
# Possible solutions:
#   Reduce memory load on the system
#   Increase physical memory or swap space
#   Check if swap backing store is full
#   Decrease Java heap size (-Xmx/-Xms)
#   Decrease number of Java threads
#   Decrease Java thread stack sizes (-Xss)
#   Set larger code cache with -XX:ReservedCodeCacheSize=
#   JVM is running with Unscaled Compressed Oops mode in which the Java heap is
#     placed in the first 4GB address space. The Java Heap base address is the
#     maximum limit for the native heap growth. Please use -XX:HeapBaseMinAddress
#     to set the Java Heap base and to place the Java Heap above 4GB virtual address.
# This output file may be truncated or incomplete.
#
#  Out of Memory Error (os_windows.cpp:3769), pid=1220, tid=2056
#
# JRE version:  (17.0.6) (build )
# Java VM: OpenJDK 64-Bit Server VM (17.0.6+0-b2043.56-10027231, mixed mode, sharing, tiered, compressed oops, compressed class ptrs, g1 gc, windows-amd64)
# No core dump will be written. Minidumps are not enabled by default on client versions of Windows
#

---------------  S U M M A R Y ------------

Command Line: git4idea.http.GitAskPassApp Username for 'https://github.com': 

Host: Intel(R) Core(TM) i5-4310U CPU @ 2.00GHz, 4 cores, 7G,  Windows 10 , 64 bit Build 19041 (10.0.19041.3570)
Time: Tue Oct 31 01:20:17 2023 SE Asia Standard Time elapsed time: 0.025821 seconds (0d 0h 0m 0s)

---------------  T H R E A D  ---------------

Current thread (0x000001fdb71afbf0):  JavaThread "Unknown thread" [_thread_in_vm, id=2056, stack(0x000000d280b00000,0x000000d280c00000)]

Stack: [0x000000d280b00000,0x000000d280c00000]
Native frames: (J=compiled Java code, j=interpreted, Vv=VM code, C=native code)
V  [jvm.dll+0x683c9a]
V  [jvm.dll+0x8427a4]
V  [jvm.dll+0x843f9e]
V  [jvm.dll+0x844603]
V  [jvm.dll+0x249b75]
V  [jvm.dll+0x680b69]
V  [jvm.dll+0x67505a]
V  [jvm.dll+0x309acb]
V  [jvm.dll+0x310f86]
V  [jvm.dll+0x3608ee]
V  [jvm.dll+0x360b1f]
V  [jvm.dll+0x2dfbf8]
V  [jvm.dll+0x2e0b64]
V  [jvm.dll+0x814091]
V  [jvm.dll+0x36e6a1]
V  [jvm.dll+0x7f35cc]
V  [jvm.dll+0x3f0e8f]
V  [jvm.dll+0x3f29d1]
C  [jli.dll+0x526b]
C  [ucrtbase.dll+0x21bb2]
C  [KERNEL32.DLL+0x17344]
C  [ntdll.dll+0x526b1]


---------------  P R O C E S S  ---------------

Threads class SMR info:
_java_thread_list=0x00007ffc0419c058, length=0, elements={
}

Java Threads: ( => current thread )

Other Threads:
  0x000001fdb72079e0 GCTaskThread "GC Thread#0" [stack: 0x000000d280c00000,0x000000d280d00000] [id=6112]
  0x000001fdb72185a0 ConcurrentGCThread "G1 Main Marker" [stack: 0x000000d280d00000,0x000000d280e00000] [id=6904]
  0x000001fdb721c770 ConcurrentGCThread "G1 Conc#0" [stack: 0x000000d280e00000,0x000000d280f00000] [id=7096]

[error occurred during error reporting (printing all threads), id 0xc0000005, EXCEPTION_ACCESS_VIOLATION (0xc0000005) at pc=0x00007ffc03950797]

VM state: not at safepoint (not fully initialized)

VM Mutex/Monitor currently owned by a thread:  ([mutex/lock_event])
[0x000001fdb71aabc0] Heap_lock - owner thread: 0x000001fdb71afbf0

Heap address: 0x0000000081c00000, size: 2020 MB, Compressed Oops mode: 32-bit

CDS archive(s) mapped at: [0x0000000000000000-0x0000000000000000-0x0000000000000000), size 0, SharedBaseAddress: 0x0000000800000000, ArchiveRelocationMode: 0.
Narrow klass base: 0x0000000000000000, Narrow klass shift: 0, Narrow klass range: 0x0

GC Precious Log:
<Empty>

Heap:
 garbage-first heap   total 0K, used 0K [0x0000000081c00000, 0x0000000100000000)
  region size 1024K, 0 young (0K), 0 survivors (0K)

[error occurred during error reporting (printing heap information), id 0xc0000005, EXCEPTION_ACCESS_VIOLATION (0xc0000005) at pc=0x00007ffc03d3da89]

GC Heap History (0 events):
No events

Dll operation events (1 events):
Event: 0.015 Loaded shared library C:\Program Files\Android\Android Studio\jbr\bin\java.dll

Deoptimization events (0 events):
No events

Classes unloaded (0 events):
No events

Classes redefined (0 events):
No events

Internal exceptions (0 events):
No events

VM Operations (0 events):
No events

Events (0 events):
No events


Dynamic libraries:
0x00007ff733b60000 - 0x00007ff733b6a000 	C:\Program Files\Android\Android Studio\jbr\bin\java.exe
0x00007ffc353f0000 - 0x00007ffc355e7000 	C:\Windows\SYSTEM32\ntdll.dll
0x00007ffc337e0000 - 0x00007ffc3389d000 	C:\Windows\System32\KERNEL32.DLL
0x00007ffc32e50000 - 0x00007ffc33146000 	C:\Windows\System32\KERNELBASE.dll
0x00007ffc33150000 - 0x00007ffc33250000 	C:\Windows\System32\ucrtbase.dll
0x00007ffc27210000 - 0x00007ffc27227000 	C:\Program Files\Android\Android Studio\jbr\bin\jli.dll
0x00007ffc26e00000 - 0x00007ffc26e1b000 	C:\Program Files\Android\Android Studio\jbr\bin\VCRUNTIME140.dll
0x00007ffc338a0000 - 0x00007ffc33a3e000 	C:\Windows\System32\USER32.dll
0x00007ffc32c20000 - 0x00007ffc32c42000 	C:\Windows\System32\win32u.dll
0x00007ffc33ca0000 - 0x00007ffc33ccc000 	C:\Windows\System32\GDI32.dll
0x00007ffc212e0000 - 0x00007ffc2157a000 	C:\Windows\WinSxS\amd64_microsoft.windows.common-controls_6595b64144ccf1df_6.0.19041.3570_none_60bb2a3971f3e41a\COMCTL32.dll
0x00007ffc32c80000 - 0x00007ffc32d9a000 	C:\Windows\System32\gdi32full.dll
0x00007ffc33e20000 - 0x00007ffc33ebe000 	C:\Windows\System32\msvcrt.dll
0x00007ffc33250000 - 0x00007ffc332ed000 	C:\Windows\System32\msvcp_win.dll
0x00007ffc34ba0000 - 0x00007ffc34bd0000 	C:\Windows\System32\IMM32.DLL
0x00007ffc2e030000 - 0x00007ffc2e03c000 	C:\Program Files\Android\Android Studio\jbr\bin\vcruntime140_1.dll
0x00007ffc09f70000 - 0x00007ffc09ffd000 	C:\Program Files\Android\Android Studio\jbr\bin\msvcp140.dll
0x00007ffc03660000 - 0x00007ffc042ce000 	C:\Program Files\Android\Android Studio\jbr\bin\server\jvm.dll
0x00007ffc33d60000 - 0x00007ffc33e0e000 	C:\Windows\System32\ADVAPI32.dll
0x00007ffc34cb0000 - 0x00007ffc34d4c000 	C:\Windows\System32\sechost.dll
0x00007ffc33ec0000 - 0x00007ffc33fe6000 	C:\Windows\System32\RPCRT4.dll
0x00007ffc1b460000 - 0x00007ffc1b469000 	C:\Windows\SYSTEM32\WSOCK32.dll
0x00007ffc210f0000 - 0x00007ffc21117000 	C:\Windows\SYSTEM32\WINMM.dll
0x00007ffc21630000 - 0x00007ffc2163a000 	C:\Windows\SYSTEM32\VERSION.dll
0x00007ffc33cf0000 - 0x00007ffc33d5b000 	C:\Windows\System32\WS2_32.dll
0x00007ffc30890000 - 0x00007ffc308a2000 	C:\Windows\SYSTEM32\kernel.appcore.dll
0x00007ffc2e010000 - 0x00007ffc2e01a000 	C:\Program Files\Android\Android Studio\jbr\bin\jimage.dll
0x00007ffc2c650000 - 0x00007ffc2c834000 	C:\Windows\SYSTEM32\DBGHELP.DLL
0x00007ffc2c550000 - 0x00007ffc2c584000 	C:\Windows\SYSTEM32\dbgcore.DLL
0x00007ffc32ad0000 - 0x00007ffc32b52000 	C:\Windows\System32\bcryptPrimitives.dll
0x00007ffc26d50000 - 0x00007ffc26d75000 	C:\Program Files\Android\Android Studio\jbr\bin\java.dll

dbghelp: loaded successfully - version: 4.0.5 - missing functions: none
symbol engine: initialized successfully - sym options: 0x614 - pdb path: .;C:\Program Files\Android\Android Studio\jbr\bin;C:\Windows\SYSTEM32;C:\Windows\WinSxS\amd64_microsoft.windows.common-controls_6595b64144ccf1df_6.0.19041.3570_none_60bb2a3971f3e41a;C:\Program Files\Android\Android Studio\jbr\bin\server

VM Arguments:
java_command: git4idea.http.GitAskPassApp Username for 'https://github.com': 
java_class_path (initial): C:/Program Files/Android/Android Studio/plugins/vcs-git/lib/git4idea-rt.jar;C:/Program Files/Android/Android Studio/lib/externalProcess-rt.jar;C:/Program Files/Android/Android Studio/lib/app.jar;C:/Program Files/Android/Android Studio/lib/3rd-party-rt.jar
Launcher Type: SUN_STANDARD

[Global flags]
     intx CICompilerCount                          = 3                                         {product} {ergonomic}
     uint ConcGCThreads                            = 1                                         {product} {ergonomic}
     uint G1ConcRefinementThreads                  = 4                                         {product} {ergonomic}
   size_t G1HeapRegionSize                         = 1048576                                   {product} {ergonomic}
    uintx GCDrainStackTargetSize                   = 64                                        {product} {ergonomic}
   size_t InitialHeapSize                          = 134217728                                 {product} {ergonomic}
   size_t MarkStackSize                            = 4194304                                   {product} {ergonomic}
   size_t MaxHeapSize                              = 2118123520                                {product} {ergonomic}
   size_t MinHeapDeltaBytes                        = 1048576                                   {product} {ergonomic}
   size_t MinHeapSize                              = 8388608                                   {product} {ergonomic}
    uintx NonNMethodCodeHeapSize                   = 5832780                                {pd product} {ergonomic}
    uintx NonProfiledCodeHeapSize                  = 122912730                              {pd product} {ergonomic}
    uintx ProfiledCodeHeapSize                     = 122912730                              {pd product} {ergonomic}
    uintx ReservedCodeCacheSize                    = 251658240                              {pd product} {ergonomic}
     bool SegmentedCodeCache                       = true                                      {product} {ergonomic}
   size_t SoftMaxHeapSize                          = 2118123520                             {manageable} {ergonomic}
     bool UseCompressedClassPointers               = true                           {product lp64_product} {ergonomic}
     bool UseCompressedOops                        = true                           {product lp64_product} {ergonomic}
     bool UseG1GC                                  = true                                      {product} {ergonomic}
     bool UseLargePagesIndividualAllocation        = false                                  {pd product} {ergonomic}

Logging:
Log output configuration:
 #0: stdout all=warning uptime,level,tags
 #1: stderr all=off uptime,level,tags

Environment Variables:
PATH=C:\Program Files\Git\mingw64\libexec\git-core;C:\Program Files\Git\mingw64\libexec\git-core;C:\Program Files\Git\mingw64\bin;C:\Program Files\Git\usr\bin;C:\Users\Tith Sure\bin;C:\Windows\system32;C:\Windows;C:\Windows\System32\Wbem;C:\Windows\System32\WindowsPowerShell\v1.0;C:\Windows\System32\OpenSSH;C:\Program Files\Git\cmd;C:\Users\Tith Sure\AppData\Local\Microsoft\WindowsApps;C:\Users\Tith Sure\AppData\Local\JetBrains\Toolbox\scripts
USERNAME=Tith Sure
DISPLAY=:0.0
LC_ALL=en_US.UTF-8
TERM=xterm-256color
TMPDIR=C:\Users\TITHSU~1\AppData\Local\Temp
OS=Windows_NT
PROCESSOR_IDENTIFIER=Intel64 Family 6 Model 69 Stepping 1, GenuineIntel
TMP=C:\Users\TITHSU~1\AppData\Local\Temp
TEMP=C:\Users\TITHSU~1\AppData\Local\Temp


JNI global refs:

[error occurred during error reporting (JNI global references), id 0xc0000005, EXCEPTION_ACCESS_VIOLATION (0xc0000005) at pc=0x00007ffc03717a10]


---------------  S Y S T E M  ---------------

OS:
 Windows 10 , 64 bit Build 19041 (10.0.19041.3570)
OS uptime: 2 days 2:09 hours

CPU: total 4 (initial active 4) (2 cores per cpu, 2 threads per core) family 6 model 69 stepping 1 microcode 0x25, cx8, cmov, fxsr, ht, mmx, sse, sse2, sse3, ssse3, sse4.1, sse4.2, popcnt, lzcnt, tsc, tscinvbit, avx, avx2, aes, erms, clmul, bmi1, bmi2, fma, vzeroupper, clflush

Memory: 4k page, system-wide physical 8073M (500M free)
TotalPageFile size 18488M (AvailPageFile size 29M)
current process WorkingSet (physical memory assigned to process): 10M, peak: 10M
current process commit charge ("private bytes"): 51M, peak: 179M

vm_info: OpenJDK 64-Bit Server VM (17.0.6+0-b2043.56-10027231) for windows-amd64 JRE (17.0.6+0-b2043.56-10027231), built on Apr 28 2023 00:43:19 by "androidbuild" with MS VC++ 16.10 / 16.11 (VS2019)

END.
